<?xml version="1.0" encoding="UTF-8"?>
<testng-results ignored="0" total="1" passed="1" failed="0" skipped="0">
  <reporter-output>
  </reporter-output>
  <suite started-at="2023-05-11T08:42:33 IST" name="Default suite" finished-at="2023-05-11T08:42:33 IST" duration-ms="106">
    <groups>
    </groups>
    <test started-at="2023-05-11T08:42:33 IST" name="Default test" finished-at="2023-05-11T08:42:33 IST" duration-ms="106">
      <class name="demo.Democlass">
        <test-method signature="print()[pri:0, instance:demo.Democlass@159f197]" started-at="2023-05-11T08:42:33 IST" name="print" finished-at="2023-05-11T08:42:33 IST" duration-ms="22" status="PASS">
          <reporter-output>
          </reporter-output>
        </test-method> <!-- print -->
      </class> <!-- demo.Democlass -->
    </test> <!-- Default test -->
  </suite> <!-- Default suite -->
</testng-results>
